Added info.sh
Added nt.log
Added webCK.sh
Imported seperate installations.
Imported installation that was used for NewType
Updated webpage
Added info.bat
Edited index.html
Deleted settings.png
Added home.png
Renamed home.png to settings.png
Edited info.sh
Edited info.sh
Pushed to github
new release v0.0.7-beta
edited index.html
created coding.html
created coding.js
created cedm.mp3
-----------------2/4/2021------------------------------
edited index.html
edited index.html
edited index.html
edited index.html
edited coding.js
edited coding.html
created some code you can put
created footer
created canvas not working yet
updated code for Newtype
&4 new lines of code
created hardware support.
pushed to github
~~~~~~~~~~~~~~~~~~updates~~~~~~~~~~~~~~~~~~~~~~
- 0.0.7-alpha is here
- rendering engine is still in beta stages.
- fps testing for use

